Determining if the pthread_create exist failed with the following output:
Change Dir: /home/teo-ssd/Documents/SelfDrivingCourse/pcl/euclidean_clustering_car_students_EXPERIS/build/CMakeFiles/CMakeTmp

Run Build Command:"/usr/bin/make" "cmTC_5c1ac/fast"
/usr/bin/make -f CMakeFiles/cmTC_5c1ac.dir/build.make CMakeFiles/cmTC_5c1ac.dir/build
make[1]: Entering directory '/home/teo-ssd/Documents/SelfDrivingCourse/pcl/euclidean_clustering_car_students_EXPERIS/build/CMakeFiles/CMakeTmp'
Building C object CMakeFiles/cmTC_5c1ac.dir/CheckSymbolExists.c.o
/usr/bin/cc     -o CMakeFiles/cmTC_5c1ac.dir/CheckSymbolExists.c.o   -c /home/teo-ssd/Documents/SelfDrivingCourse/pcl/euclidean_clustering_car_students_EXPERIS/build/CMakeFiles/CMakeTmp/CheckSymbolExists.c
Linking C executable cmTC_5c1ac
/usr/bin/cmake -E cmake_link_script CMakeFiles/cmTC_5c1ac.dir/link.txt --verbose=1
/usr/bin/cc       CMakeFiles/cmTC_5c1ac.dir/CheckSymbolExists.c.o  -o cmTC_5c1ac -rdynamic 
CMakeFiles/cmTC_5c1ac.dir/CheckSymbolExists.c.o: In function `main':
CheckSymbolExists.c:(.text+0x16): undefined reference to `pthread_create'
collect2: error: ld returned 1 exit status
CMakeFiles/cmTC_5c1ac.dir/build.make:97: recipe for target 'cmTC_5c1ac' failed
make[1]: *** [cmTC_5c1ac] Error 1
make[1]: Leaving directory '/home/teo-ssd/Documents/SelfDrivingCourse/pcl/euclidean_clustering_car_students_EXPERIS/build/CMakeFiles/CMakeTmp'
Makefile:126: recipe for target 'cmTC_5c1ac/fast' failed
make: *** [cmTC_5c1ac/fast] Error 2

File /home/teo-ssd/Documents/SelfDrivingCourse/pcl/euclidean_clustering_car_students_EXPERIS/build/CMakeFiles/CMakeTmp/CheckSymbolExists.c:
/* */
#include <pthread.h>

int main(int argc, char** argv)
{
  (void)argv;
#ifndef pthread_create
  return ((int*)(&pthread_create))[argc];
#else
  (void)argc;
  return 0;
#endif
}

Determining if the function pthread_create exists in the pthreads failed with the following output:
Change Dir: /home/teo-ssd/Documents/SelfDrivingCourse/pcl/euclidean_clustering_car_students_EXPERIS/build/CMakeFiles/CMakeTmp

Run Build Command:"/usr/bin/make" "cmTC_45c82/fast"
/usr/bin/make -f CMakeFiles/cmTC_45c82.dir/build.make CMakeFiles/cmTC_45c82.dir/build
make[1]: Entering directory '/home/teo-ssd/Documents/SelfDrivingCourse/pcl/euclidean_clustering_car_students_EXPERIS/build/CMakeFiles/CMakeTmp'
Building C object CMakeFiles/cmTC_45c82.dir/CheckFunctionExists.c.o
/usr/bin/cc    -DCHECK_FUNCTION_EXISTS=pthread_create   -o CMakeFiles/cmTC_45c82.dir/CheckFunctionExists.c.o   -c /usr/share/cmake-3.5/Modules/CheckFunctionExists.c
Linking C executable cmTC_45c82
/usr/bin/cmake -E cmake_link_script CMakeFiles/cmTC_45c82.dir/link.txt --verbose=1
/usr/bin/cc   -DCHECK_FUNCTION_EXISTS=pthread_create    CMakeFiles/cmTC_45c82.dir/CheckFunctionExists.c.o  -o cmTC_45c82 -rdynamic -lpthreads 
/usr/bin/ld: cannot find -lpthreads
collect2: error: ld returned 1 exit status
CMakeFiles/cmTC_45c82.dir/build.make:97: recipe for target 'cmTC_45c82' failed
make[1]: *** [cmTC_45c82] Error 1
make[1]: Leaving directory '/home/teo-ssd/Documents/SelfDrivingCourse/pcl/euclidean_clustering_car_students_EXPERIS/build/CMakeFiles/CMakeTmp'
Makefile:126: recipe for target 'cmTC_45c82/fast' failed
make: *** [cmTC_45c82/fast] Error 2


