Determining if the pthread_create exist failed with the following output:
Change Dir: /home/teo-ssd/Documents/SelfDrivingCourse/pcl/1_voxel_filtering/build/CMakeFiles/CMakeTmp

Run Build Command:"/usr/bin/make" "cmTC_577bd/fast"
/usr/bin/make -f CMakeFiles/cmTC_577bd.dir/build.make CMakeFiles/cmTC_577bd.dir/build
make[1]: Entering directory '/home/teo-ssd/Documents/SelfDrivingCourse/pcl/1_voxel_filtering/build/CMakeFiles/CMakeTmp'
Building C object CMakeFiles/cmTC_577bd.dir/CheckSymbolExists.c.o
/usr/bin/cc     -o CMakeFiles/cmTC_577bd.dir/CheckSymbolExists.c.o   -c /home/teo-ssd/Documents/SelfDrivingCourse/pcl/1_voxel_filtering/build/CMakeFiles/CMakeTmp/CheckSymbolExists.c
Linking C executable cmTC_577bd
/usr/bin/cmake -E cmake_link_script CMakeFiles/cmTC_577bd.dir/link.txt --verbose=1
/usr/bin/cc       CMakeFiles/cmTC_577bd.dir/CheckSymbolExists.c.o  -o cmTC_577bd -rdynamic 
CMakeFiles/cmTC_577bd.dir/CheckSymbolExists.c.o: In function `main':
CheckSymbolExists.c:(.text+0x16): undefined reference to `pthread_create'
collect2: error: ld returned 1 exit status
CMakeFiles/cmTC_577bd.dir/build.make:97: recipe for target 'cmTC_577bd' failed
make[1]: *** [cmTC_577bd] Error 1
make[1]: Leaving directory '/home/teo-ssd/Documents/SelfDrivingCourse/pcl/1_voxel_filtering/build/CMakeFiles/CMakeTmp'
Makefile:126: recipe for target 'cmTC_577bd/fast' failed
make: *** [cmTC_577bd/fast] Error 2

File /home/teo-ssd/Documents/SelfDrivingCourse/pcl/1_voxel_filtering/build/CMakeFiles/CMakeTmp/CheckSymbolExists.c:
/* */
#include <pthread.h>

int main(int argc, char** argv)
{
  (void)argv;
#ifndef pthread_create
  return ((int*)(&pthread_create))[argc];
#else
  (void)argc;
  return 0;
#endif
}

Determining if the function pthread_create exists in the pthreads failed with the following output:
Change Dir: /home/teo-ssd/Documents/SelfDrivingCourse/pcl/1_voxel_filtering/build/CMakeFiles/CMakeTmp

Run Build Command:"/usr/bin/make" "cmTC_45541/fast"
/usr/bin/make -f CMakeFiles/cmTC_45541.dir/build.make CMakeFiles/cmTC_45541.dir/build
make[1]: Entering directory '/home/teo-ssd/Documents/SelfDrivingCourse/pcl/1_voxel_filtering/build/CMakeFiles/CMakeTmp'
Building C object CMakeFiles/cmTC_45541.dir/CheckFunctionExists.c.o
/usr/bin/cc    -DCHECK_FUNCTION_EXISTS=pthread_create   -o CMakeFiles/cmTC_45541.dir/CheckFunctionExists.c.o   -c /usr/share/cmake-3.5/Modules/CheckFunctionExists.c
Linking C executable cmTC_45541
/usr/bin/cmake -E cmake_link_script CMakeFiles/cmTC_45541.dir/link.txt --verbose=1
/usr/bin/cc   -DCHECK_FUNCTION_EXISTS=pthread_create    CMakeFiles/cmTC_45541.dir/CheckFunctionExists.c.o  -o cmTC_45541 -rdynamic -lpthreads 
/usr/bin/ld: cannot find -lpthreads
collect2: error: ld returned 1 exit status
CMakeFiles/cmTC_45541.dir/build.make:97: recipe for target 'cmTC_45541' failed
make[1]: *** [cmTC_45541] Error 1
make[1]: Leaving directory '/home/teo-ssd/Documents/SelfDrivingCourse/pcl/1_voxel_filtering/build/CMakeFiles/CMakeTmp'
Makefile:126: recipe for target 'cmTC_45541/fast' failed
make: *** [cmTC_45541/fast] Error 2


